<?xml version="1.0" encoding="UTF-8"?>
<testsuite name="com.jerrylz.elasticsearch.TestElasticByJavaAPI" tests="1" skipped="0" failures="0" errors="0" timestamp="2020-09-08T03:15:07" hostname="Jerrylz-MBP" time="12862.003">
  <properties/>
  <testcase name="testB" classname="com.jerrylz.elasticsearch.TestElasticByJavaAPI" time="12862.003"/>
  <system-out><![CDATA[11:14:59.765 [Test worker] DEBUG org.springframework.test.context.junit4.SpringJUnit4ClassRunner - SpringJUnit4ClassRunner constructor called with [class com.jerrylz.elasticsearch.TestElasticByJavaAPI]
11:14:59.777 [Test worker] DEBUG org.springframework.test.context.BootstrapUtils - Instantiating CacheAwareContextLoaderDelegate from class [org.springframework.test.context.cache.DefaultCacheAwareContextLoaderDelegate]
11:14:59.792 [Test worker] DEBUG org.springframework.test.context.BootstrapUtils - Instantiating BootstrapContext using constructor [public org.springframework.test.context.support.DefaultBootstrapContext(java.lang.Class,org.springframework.test.context.CacheAwareContextLoaderDelegate)]
11:14:59.855 [Test worker] DEBUG org.springframework.test.context.BootstrapUtils - Instantiating TestContextBootstrapper for test class [com.jerrylz.elasticsearch.TestElasticByJavaAPI] from class [org.springframework.boot.test.context.SpringBootTestContextBootstrapper]
11:14:59.889 [Test worker] INFO org.springframework.boot.test.context.SpringBootTestContextBootstrapper - Neither @ContextConfiguration nor @ContextHierarchy found for test class [com.jerrylz.elasticsearch.TestElasticByJavaAPI], using SpringBootContextLoader
11:14:59.902 [Test worker] DEBUG org.springframework.test.context.support.AbstractContextLoader - Did not detect default resource location for test class [com.jerrylz.elasticsearch.TestElasticByJavaAPI]: class path resource [com/jerrylz/elasticsearch/TestElasticByJavaAPI-context.xml] does not exist
11:14:59.903 [Test worker] DEBUG org.springframework.test.context.support.AbstractContextLoader - Did not detect default resource location for test class [com.jerrylz.elasticsearch.TestElasticByJavaAPI]: class path resource [com/jerrylz/elasticsearch/TestElasticByJavaAPIContext.groovy] does not exist
11:14:59.904 [Test worker] INFO org.springframework.test.context.support.AbstractContextLoader - Could not detect default resource locations for test class [com.jerrylz.elasticsearch.TestElasticByJavaAPI]: no resource found for suffixes {-context.xml, Context.groovy}.
11:14:59.906 [Test worker] INFO org.springframework.test.context.support.AnnotationConfigContextLoaderUtils - Could not detect default configuration classes for test class [com.jerrylz.elasticsearch.TestElasticByJavaAPI]: TestElasticByJavaAPI does not declare any static, non-private, non-final, nested classes annotated with @Configuration.
11:15:00.016 [Test worker] DEBUG org.springframework.test.context.support.ActiveProfilesUtils - Could not find an 'annotation declaring class' for annotation type [org.springframework.test.context.ActiveProfiles] and class [com.jerrylz.elasticsearch.TestElasticByJavaAPI]
11:15:00.159 [Test worker] DEBUG org.springframework.context.annotation.ClassPathScanningCandidateComponentProvider - Identified candidate component class: file [/Users/jerrylz/IdeaProjects/something-gradle/some-elasticsearch/build/classes/java/main/com/jerrylz/EsMain.class]
11:15:00.161 [Test worker] INFO org.springframework.boot.test.context.SpringBootTestContextBootstrapper - Found @SpringBootConfiguration com.jerrylz.EsMain for test class com.jerrylz.elasticsearch.TestElasticByJavaAPI
11:15:00.391 [Test worker] DEBUG org.springframework.boot.test.context.SpringBootTestContextBootstrapper - @TestExecutionListeners is not present for class [com.jerrylz.elasticsearch.TestElasticByJavaAPI]: using defaults.
11:15:00.393 [Test worker] INFO org.springframework.boot.test.context.SpringBootTestContextBootstrapper - Loaded default TestExecutionListener class names from location [META-INF/spring.factories]: [org.springframework.boot.test.autoconfigure.restdocs.RestDocsTestExecutionListener, org.springframework.boot.test.autoconfigure.web.client.MockRestServiceServerResetTestExecutionListener, org.springframework.boot.test.autoconfigure.web.servlet.MockMvcPrintOnlyOnFailureTestExecutionListener, org.springframework.boot.test.autoconfigure.web.servlet.WebDriverTestExecutionListener, org.springframework.boot.test.autoconfigure.webservices.client.MockWebServiceServerTestExecutionListener, org.springframework.boot.test.mock.mockito.MockitoTestExecutionListener, org.springframework.boot.test.mock.mockito.ResetMocksTestExecutionListener, org.springframework.test.context.web.ServletTestExecutionListener, org.springframework.test.context.support.DirtiesContextBeforeModesTestExecutionListener, org.springframework.test.context.support.DependencyInjectionTestExecutionListener, org.springframework.test.context.support.DirtiesContextTestExecutionListener, org.springframework.test.context.transaction.TransactionalTestExecutionListener, org.springframework.test.context.jdbc.SqlScriptsTestExecutionListener, org.springframework.test.context.event.EventPublishingTestExecutionListener]
11:15:00.425 [Test worker] INFO org.springframework.boot.test.context.SpringBootTestContextBootstrapper - Using TestExecutionListeners: [org.springframework.test.context.web.ServletTestExecutionListener@28384781, org.springframework.test.context.support.DirtiesContextBeforeModesTestExecutionListener@34a8aa61, org.springframework.boot.test.mock.mockito.MockitoTestExecutionListener@29bff768, org.springframework.boot.test.autoconfigure.SpringBootDependencyInjectionTestExecutionListener@b1785ae, org.springframework.test.context.support.DirtiesContextTestExecutionListener@61f9df02, org.springframework.test.context.transaction.TransactionalTestExecutionListener@10f38afe, org.springframework.test.context.jdbc.SqlScriptsTestExecutionListener@46212b3f, org.springframework.test.context.event.EventPublishingTestExecutionListener@712ceca0, org.springframework.boot.test.autoconfigure.restdocs.RestDocsTestExecutionListener@5e822c48, org.springframework.boot.test.autoconfigure.web.client.MockRestServiceServerResetTestExecutionListener@522ae91c, org.springframework.boot.test.autoconfigure.web.servlet.MockMvcPrintOnlyOnFailureTestExecutionListener@1d1d58b5, org.springframework.boot.test.autoconfigure.web.servlet.WebDriverTestExecutionListener@b42ee5a, org.springframework.boot.test.autoconfigure.webservices.client.MockWebServiceServerTestExecutionListener@446d7316, org.springframework.boot.test.mock.mockito.ResetMocksTestExecutionListener@418a108e]
11:15:00.434 [Test worker] DEBUG org.springframework.test.annotation.ProfileValueUtils - Retrieved @ProfileValueSourceConfiguration [null] for test class [com.jerrylz.elasticsearch.TestElasticByJavaAPI]
11:15:00.449 [Test worker] DEBUG org.springframework.test.annotation.ProfileValueUtils - Retrieved ProfileValueSource type [class org.springframework.test.annotation.SystemProfileValueSource] for class [com.jerrylz.elasticsearch.TestElasticByJavaAPI]
11:15:00.454 [Test worker] DEBUG org.springframework.test.annotation.ProfileValueUtils - Retrieved @ProfileValueSourceConfiguration [null] for test class [com.jerrylz.elasticsearch.TestElasticByJavaAPI]
11:15:00.455 [Test worker] DEBUG org.springframework.test.annotation.ProfileValueUtils - Retrieved ProfileValueSource type [class org.springframework.test.annotation.SystemProfileValueSource] for class [com.jerrylz.elasticsearch.TestElasticByJavaAPI]
11:15:00.462 [Test worker] DEBUG org.springframework.test.annotation.ProfileValueUtils - Retrieved @ProfileValueSourceConfiguration [null] for test class [com.jerrylz.elasticsearch.TestElasticByJavaAPI]
11:15:00.463 [Test worker] DEBUG org.springframework.test.annotation.ProfileValueUtils - Retrieved ProfileValueSource type [class org.springframework.test.annotation.SystemProfileValueSource] for class [com.jerrylz.elasticsearch.TestElasticByJavaAPI]
11:15:00.475 [Test worker] DEBUG org.springframework.test.annotation.ProfileValueUtils - Retrieved @ProfileValueSourceConfiguration [null] for test class [com.jerrylz.elasticsearch.TestElasticByJavaAPI]
11:15:00.476 [Test worker] DEBUG org.springframework.test.annotation.ProfileValueUtils - Retrieved ProfileValueSource type [class org.springframework.test.annotation.SystemProfileValueSource] for class [com.jerrylz.elasticsearch.TestElasticByJavaAPI]
11:15:00.478 [Test worker] DEBUG org.springframework.test.annotation.ProfileValueUtils - Retrieved @ProfileValueSourceConfiguration [null] for test class [com.jerrylz.elasticsearch.TestElasticByJavaAPI]
11:15:00.479 [Test worker] DEBUG org.springframework.test.annotation.ProfileValueUtils - Retrieved ProfileValueSource type [class org.springframework.test.annotation.SystemProfileValueSource] for class [com.jerrylz.elasticsearch.TestElasticByJavaAPI]
11:15:00.494 [Test worker] DEBUG org.springframework.test.context.support.AbstractDirtiesContextTestExecutionListener - Before test class: context [DefaultTestContext@49368809 testClass = TestElasticByJavaAPI, testInstance = [null], testMethod = [null], testException = [null], mergedContextConfiguration = [WebMergedContextConfiguration@51004094 testClass = TestElasticByJavaAPI, locations = '{}', classes = '{class com.jerrylz.EsMain}', contextInitializerClasses = '[]', activeProfiles = '{}', propertySourceLocations = '{}', propertySourceProperties = '{org.springframework.boot.test.context.SpringBootTestContextBootstrapper=true}', contextCustomizers = set[org.springframework.boot.test.autoconfigure.properties.PropertyMappingContextCustomizer@0, org.springframework.boot.test.autoconfigure.web.servlet.WebDriverContextCustomizerFactory$Customizer@489af5c0, org.springframework.boot.test.context.filter.ExcludeFilterContextCustomizer@234a0bcd, org.springframework.boot.test.json.DuplicateJsonObjectContextCustomizerFactory$DuplicateJsonObjectContextCustomizer@7b793e84, org.springframework.boot.test.mock.mockito.MockitoContextCustomizer@0, org.springframework.boot.test.web.client.TestRestTemplateContextCustomizer@331726d5, org.springframework.boot.test.context.SpringBootTestArgs@1], resourceBasePath = 'src/main/webapp', contextLoader = 'org.springframework.boot.test.context.SpringBootContextLoader', parent = [null]], attributes = map['org.springframework.test.context.web.ServletTestExecutionListener.activateListener' -> true]], class annotated with @DirtiesContext [false] with mode [null].
11:15:00.500 [Test worker] DEBUG org.springframework.test.annotation.ProfileValueUtils - Retrieved @ProfileValueSourceConfiguration [null] for test class [com.jerrylz.elasticsearch.TestElasticByJavaAPI]
11:15:00.500 [Test worker] DEBUG org.springframework.test.annotation.ProfileValueUtils - Retrieved ProfileValueSource type [class org.springframework.test.annotation.SystemProfileValueSource] for class [com.jerrylz.elasticsearch.TestElasticByJavaAPI]
11:15:00.559 [Test worker] DEBUG org.springframework.test.context.support.TestPropertySourceUtils - Adding inlined properties to environment: {spring.jmx.enabled=false, org.springframework.boot.test.context.SpringBootTestContextBootstrapper=true}

  .   ____          _            __ _ _
 /\\ / ___'_ __ _ _(_)_ __  __ _ \ \ \ \
( ( )\___ | '_ | '_| | '_ \/ _` | \ \ \ \
 \\/  ___)| |_)| | | | | || (_| |  ) ) ) )
  '  |____| .__|_| |_|_| |_\__, | / / / /
 =========|_|==============|___/=/_/_/_/
 :: Spring Boot ::        (v2.3.3.RELEASE)

2020-09-08 11:15:01.264  INFO 998 --- [    Test worker] c.j.elasticsearch.TestElasticByJavaAPI   : Starting TestElasticByJavaAPI on Jerrylz-MBP with PID 998 (started by jerrylz in /Users/jerrylz/IdeaProjects/something-gradle/some-elasticsearch)
2020-09-08 11:15:01.266  INFO 998 --- [    Test worker] c.j.elasticsearch.TestElasticByJavaAPI   : The following profiles are active: dev
2020-09-08 11:15:02.234  INFO 998 --- [    Test worker] .s.d.r.c.RepositoryConfigurationDelegate : Bootstrapping Spring Data Elasticsearch repositories in DEFAULT mode.
2020-09-08 11:15:02.274  INFO 998 --- [    Test worker] .s.d.r.c.RepositoryConfigurationDelegate : Finished Spring Data repository scanning in 32ms. Found 0 Elasticsearch repository interfaces.
2020-09-08 11:15:02.283  INFO 998 --- [    Test worker] .s.d.r.c.RepositoryConfigurationDelegate : Bootstrapping Spring Data Reactive Elasticsearch repositories in DEFAULT mode.
2020-09-08 11:15:02.291  INFO 998 --- [    Test worker] .s.d.r.c.RepositoryConfigurationDelegate : Finished Spring Data repository scanning in 7ms. Found 0 Reactive Elasticsearch repository interfaces.
2020-09-08 11:15:05.288  INFO 998 --- [    Test worker] o.s.s.concurrent.ThreadPoolTaskExecutor  : Initializing ExecutorService 'applicationTaskExecutor'
2020-09-08 11:15:06.058  WARN 998 --- [    Test worker] o.s.data.convert.CustomConversions       : Registering converter from class org.springframework.data.geo.Point to interface java.util.Map as writing converter although it doesn't convert to a store-supported type! You might want to check your annotation setup at the converter implementation.
2020-09-08 11:15:06.059  WARN 998 --- [    Test worker] o.s.data.convert.CustomConversions       : Registering converter from interface java.util.Map to class org.springframework.data.geo.Point as reading converter although it doesn't convert from a store-supported type! You might want to check your annotation setup at the converter implementation.
2020-09-08 11:15:06.059  WARN 998 --- [    Test worker] o.s.data.convert.CustomConversions       : Registering converter from class org.springframework.data.elasticsearch.core.geo.GeoPoint to interface java.util.Map as writing converter although it doesn't convert to a store-supported type! You might want to check your annotation setup at the converter implementation.
2020-09-08 11:15:06.060  WARN 998 --- [    Test worker] o.s.data.convert.CustomConversions       : Registering converter from interface java.util.Map to class org.springframework.data.elasticsearch.core.geo.GeoPoint as reading converter although it doesn't convert from a store-supported type! You might want to check your annotation setup at the converter implementation.
2020-09-08 11:15:07.230  INFO 998 --- [    Test worker] o.s.d.elasticsearch.support.VersionInfo  : Version Spring Data Elasticsearch: 4.0.3.RELEASE
2020-09-08 11:15:07.230  INFO 998 --- [    Test worker] o.s.d.elasticsearch.support.VersionInfo  : Version Elasticsearch Client in build: 7.6.2
2020-09-08 11:15:07.230  INFO 998 --- [    Test worker] o.s.d.elasticsearch.support.VersionInfo  : Version Elasticsearch Client used: 7.6.2
2020-09-08 11:15:07.390  INFO 998 --- [    Test worker] c.j.elasticsearch.TestElasticByJavaAPI   : Started TestElasticByJavaAPI in 6.816 seconds (JVM running for 8.698)
abc
23
{"user":{"name":"abc"},"age":"23"}
true
]]></system-out>
  <system-err><![CDATA[]]></system-err>
</testsuite>
